<?xml version="1.0" encoding="UTF-8"?>
<testng-results ignored="0" total="1" passed="1" failed="0" skipped="0">
  <reporter-output>
  </reporter-output>
  <suite started-at="2024-08-20T21:16:20 IST" name="Suite" finished-at="2024-08-20T21:16:38 IST" duration-ms="17973">
    <groups>
    </groups>
    <test started-at="2024-08-20T21:16:20 IST" name="Test" finished-at="2024-08-20T21:16:38 IST" duration-ms="17973">
      <class name="testng.simpleclass">
        <test-method signature="start()[pri:0, instance:testng.simpleclass@76505305]" started-at="2024-08-20T21:16:20 IST" name="start" finished-at="2024-08-20T21:16:38 IST" duration-ms="17922" status="PASS">
          <reporter-output>
          </reporter-output>
        </test-method> <!-- start -->
      </class> <!-- testng.simpleclass -->
    </test> <!-- Test -->
  </suite> <!-- Suite -->
</testng-results>
